12/03/2021 16:59:37 : Starting Network Model Serivice...
12/03/2021 16:59:38 : The WCF service GenericDataAccess is ready.
12/03/2021 16:59:38 : Endpoints:
12/03/2021 16:59:38 : net.tcp://localhost:10000/NetworkModelService/GDA/
12/03/2021 16:59:38 : Connection string: ../NetworkModelData.data
12/03/2021 16:59:38 : Trace level: Info
12/03/2021 16:59:38 : The Network Model Service is started.
12/03/2021 16:59:38 : Press <Enter> to stop the service.
13/03/2021 18:11:13 : Starting Network Model Serivice...
13/03/2021 18:11:13 : The WCF service GenericDataAccess is ready.
13/03/2021 18:11:13 : Endpoints:
13/03/2021 18:11:13 : net.tcp://localhost:10000/NetworkModelService/GDA/
13/03/2021 18:11:13 : Connection string: ../NetworkModelData.data
13/03/2021 18:11:13 : Trace level: Info
13/03/2021 18:11:13 : The Network Model Service is started.
13/03/2021 18:11:13 : Press <Enter> to stop the service.
13/03/2021 18:11:18 : Applying  delta to network model.
13/03/2021 18:11:18 : Inserting entity with GID (0000000300000001).
13/03/2021 18:11:18 : Inserting entity with GID (0000000400000001).
13/03/2021 18:11:18 : Inserting entity with GID (0000000400000002).
13/03/2021 18:11:18 : Inserting entity with GID (0000000200000001).
13/03/2021 18:11:18 : Failed to return value from property for specified type (Float) because it is incompatible with actual property type (String)
13/03/2021 18:11:18 : Failed to insert entity (GID = 0x0000000200000001) into model. Failed to return value from property for specified type (Float) because it is incompatible with actual property type (String)
13/03/2021 18:11:18 : Applying delta to network model failed. Failed to insert entity (GID = 0x0000000200000001) into model. Failed to return value from property for specified type (Float) because it is incompatible with actual property type (String).
13/03/2021 18:16:53 : Starting Network Model Serivice...
13/03/2021 18:16:53 : Inserting entity with GID (0000000300000001).
13/03/2021 18:16:53 : Inserting entity with GID (0000000400000001).
13/03/2021 18:16:53 : Inserting entity with GID (0000000400000002).
13/03/2021 18:16:53 : Inserting entity with GID (0000000200000001).
13/03/2021 18:16:53 : Unknown property id = 1369094286720762119 for entity (GID = 0x0000000200000001).
13/03/2021 18:16:53 : Failed to insert entity (GID = 0x0000000200000001) into model. Unknown property id = 1369094286720762119 for entity (GID = 0x0000000200000001).
13/03/2021 18:16:53 : Error while applying delta (id = 1) during service initialization. Failed to insert entity (GID = 0x0000000200000001) into model. Unknown property id = 1369094286720762119 for entity (GID = 0x0000000200000001).
13/03/2021 18:16:54 : The WCF service GenericDataAccess is ready.
13/03/2021 18:16:54 : Endpoints:
13/03/2021 18:16:54 : net.tcp://localhost:10000/NetworkModelService/GDA/
13/03/2021 18:16:54 : Connection string: ../NetworkModelData.data
13/03/2021 18:16:54 : Trace level: Info
13/03/2021 18:16:54 : The Network Model Service is started.
13/03/2021 18:16:54 : Press <Enter> to stop the service.
13/03/2021 18:20:45 : Starting Network Model Serivice...
13/03/2021 18:20:45 : Inserting entity with GID (0000000300000001).
13/03/2021 18:20:45 : Inserting entity with GID (0000000400000001).
13/03/2021 18:20:45 : Inserting entity with GID (0000000400000002).
13/03/2021 18:20:45 : Inserting entity with GID (0000000200000001).
13/03/2021 18:20:45 : Inserting entity with GID (0000000200000002).
13/03/2021 18:20:45 : Inserting entity with GID (0000000100000001).
13/03/2021 18:20:45 : Inserting entity with GID (0000000600000001).
13/03/2021 18:20:45 : Can not add reference TIMESERIES_MARKETDOC to entity (GID = 0x0000000400000002).
13/03/2021 18:20:45 : Failed to insert entity (GID = 0x0000000600000001) into model. Can not add reference TIMESERIES_MARKETDOC to entity (GID = 0x0000000400000002).
13/03/2021 18:20:45 : Error while applying delta (id = 1) during service initialization. Failed to insert entity (GID = 0x0000000600000001) into model. Can not add reference TIMESERIES_MARKETDOC to entity (GID = 0x0000000400000002).
13/03/2021 18:20:46 : The WCF service GenericDataAccess is ready.
13/03/2021 18:20:46 : Endpoints:
13/03/2021 18:20:46 : net.tcp://localhost:10000/NetworkModelService/GDA/
13/03/2021 18:20:46 : Connection string: ../NetworkModelData.data
13/03/2021 18:20:46 : Trace level: Info
13/03/2021 18:20:46 : The Network Model Service is started.
13/03/2021 18:20:46 : Press <Enter> to stop the service.
13/03/2021 18:20:57 : Applying  delta to network model.
13/03/2021 18:20:57 : Inserting entity with GID (0000000300000002).
13/03/2021 18:20:57 : Inserting entity with GID (0000000400000003).
13/03/2021 18:20:57 : Inserting entity with GID (0000000400000004).
13/03/2021 18:20:57 : Inserting entity with GID (0000000200000003).
13/03/2021 18:20:57 : Inserting entity with GID (0000000200000004).
13/03/2021 18:20:57 : Inserting entity with GID (0000000100000002).
13/03/2021 18:20:57 : Inserting entity with GID (0000000600000002).
13/03/2021 18:20:57 : Can not add reference TIMESERIES_MARKETDOC to entity (GID = 0x0000000400000004).
13/03/2021 18:20:57 : Failed to insert entity (GID = 0x0000000600000002) into model. Can not add reference TIMESERIES_MARKETDOC to entity (GID = 0x0000000400000004).
13/03/2021 18:20:57 : Applying delta to network model failed. Failed to insert entity (GID = 0x0000000600000002) into model. Can not add reference TIMESERIES_MARKETDOC to entity (GID = 0x0000000400000004)..
13/03/2021 18:27:31 : Applying  delta to network model.
13/03/2021 18:27:31 : Inserting entity with GID (0000000300000003).
13/03/2021 18:27:31 : Inserting entity with GID (0000000400000005).
13/03/2021 18:27:31 : Inserting entity with GID (0000000400000006).
13/03/2021 18:27:31 : Inserting entity with GID (0000000200000005).
13/03/2021 18:27:31 : Inserting entity with GID (0000000200000006).
13/03/2021 18:27:31 : Inserting entity with GID (0000000100000003).
13/03/2021 18:27:31 : Inserting entity with GID (0000000600000003).
13/03/2021 18:27:31 : Can not add reference TIMESERIES_MARKETDOC to entity (GID = 0x0000000400000006).
13/03/2021 18:27:31 : Failed to insert entity (GID = 0x0000000600000003) into model. Can not add reference TIMESERIES_MARKETDOC to entity (GID = 0x0000000400000006).
13/03/2021 18:27:31 : Applying delta to network model failed. Failed to insert entity (GID = 0x0000000600000003) into model. Can not add reference TIMESERIES_MARKETDOC to entity (GID = 0x0000000400000006)..
13/03/2021 18:27:44 : Applying  delta to network model.
13/03/2021 18:27:44 : Inserting entity with GID (0000000300000004).
13/03/2021 18:27:44 : Inserting entity with GID (0000000400000007).
13/03/2021 18:27:44 : Inserting entity with GID (0000000400000008).
13/03/2021 18:27:44 : Inserting entity with GID (0000000200000007).
13/03/2021 18:27:44 : Inserting entity with GID (0000000200000008).
13/03/2021 18:27:44 : Inserting entity with GID (0000000100000004).
13/03/2021 18:27:44 : Inserting entity with GID (0000000600000004).
13/03/2021 18:27:44 : Can not add reference TIMESERIES_MARKETDOC to entity (GID = 0x0000000400000008).
13/03/2021 18:27:44 : Failed to insert entity (GID = 0x0000000600000004) into model. Can not add reference TIMESERIES_MARKETDOC to entity (GID = 0x0000000400000008).
13/03/2021 18:27:44 : Applying delta to network model failed. Failed to insert entity (GID = 0x0000000600000004) into model. Can not add reference TIMESERIES_MARKETDOC to entity (GID = 0x0000000400000008)..
13/03/2021 18:30:30 : Applying  delta to network model.
13/03/2021 18:30:30 : Inserting entity with GID (0000000300000005).
13/03/2021 18:30:30 : Inserting entity with GID (0000000400000009).
13/03/2021 18:30:30 : Inserting entity with GID (000000040000000a).
13/03/2021 18:30:30 : Inserting entity with GID (0000000200000009).
13/03/2021 18:30:30 : Inserting entity with GID (000000020000000a).
13/03/2021 18:30:30 : Inserting entity with GID (0000000100000005).
13/03/2021 18:30:30 : Applying delta to network model successfully finished.
13/03/2021 18:35:46 : Applying  delta to network model.
13/03/2021 18:35:46 : Inserting entity with GID (0000000300000006).
13/03/2021 18:35:46 : Inserting entity with GID (000000040000000b).
13/03/2021 18:35:46 : Inserting entity with GID (000000040000000c).
13/03/2021 18:35:46 : Inserting entity with GID (000000020000000b).
13/03/2021 18:35:46 : Inserting entity with GID (000000020000000c).
13/03/2021 18:35:46 : Inserting entity with GID (0000000100000006).
13/03/2021 18:35:46 : Inserting entity with GID (0000000600000005).
13/03/2021 18:35:46 : Can not add reference TIMESERIES_MARKETDOC to entity (GID = 0x000000040000000c).
13/03/2021 18:35:46 : Failed to insert entity (GID = 0x0000000600000005) into model. Can not add reference TIMESERIES_MARKETDOC to entity (GID = 0x000000040000000c).
13/03/2021 18:35:46 : Applying delta to network model failed. Failed to insert entity (GID = 0x0000000600000005) into model. Can not add reference TIMESERIES_MARKETDOC to entity (GID = 0x000000040000000c)..
13/03/2021 18:38:13 : Applying  delta to network model.
13/03/2021 18:38:13 : Inserting entity with GID (0000000300000007).
13/03/2021 18:38:13 : Inserting entity with GID (000000040000000d).
13/03/2021 18:38:13 : Inserting entity with GID (000000040000000e).
13/03/2021 18:38:13 : Inserting entity with GID (000000020000000d).
13/03/2021 18:38:13 : Inserting entity with GID (000000020000000e).
13/03/2021 18:38:13 : Inserting entity with GID (0000000100000007).
13/03/2021 18:38:13 : Inserting entity with GID (0000000600000006).
13/03/2021 18:38:13 : Inserting entity with GID (0000000500000001).
13/03/2021 18:38:13 : Applying delta to network model successfully finished.
13/03/2021 18:39:20 : Applying  delta to network model.
13/03/2021 18:39:20 : Inserting entity with GID (0000000300000008).
13/03/2021 18:39:20 : Inserting entity with GID (000000040000000f).
13/03/2021 18:39:20 : Inserting entity with GID (0000000400000010).
13/03/2021 18:39:20 : Inserting entity with GID (000000020000000f).
13/03/2021 18:39:20 : Inserting entity with GID (0000000200000010).
13/03/2021 18:39:20 : Inserting entity with GID (0000000100000008).
13/03/2021 18:39:20 : Inserting entity with GID (0000000600000007).
13/03/2021 18:39:20 : Can not add reference TIMESERIES_MARKETDOC to entity (GID = 0x000000040000000f).
13/03/2021 18:39:20 : Failed to insert entity (GID = 0x0000000600000007) into model. Can not add reference TIMESERIES_MARKETDOC to entity (GID = 0x000000040000000f).
13/03/2021 18:39:20 : Applying delta to network model failed. Failed to insert entity (GID = 0x0000000600000007) into model. Can not add reference TIMESERIES_MARKETDOC to entity (GID = 0x000000040000000f)..
13/03/2021 18:43:59 : Starting Network Model Serivice...
13/03/2021 18:43:59 : Inserting entity with GID (0000000300000001).
13/03/2021 18:43:59 : Inserting entity with GID (0000000400000001).
13/03/2021 18:43:59 : Inserting entity with GID (0000000400000002).
13/03/2021 18:43:59 : Inserting entity with GID (0000000200000001).
13/03/2021 18:43:59 : Inserting entity with GID (0000000200000002).
13/03/2021 18:43:59 : Inserting entity with GID (0000000100000001).
13/03/2021 18:43:59 : Inserting entity with GID (0000000600000001).
13/03/2021 18:43:59 : Inserting entity with GID (0000000500000001).
13/03/2021 18:43:59 : Inserting entity with GID (0000000300000002).
13/03/2021 18:43:59 : Inserting entity with GID (0000000400000003).
13/03/2021 18:43:59 : Inserting entity with GID (0000000400000004).
13/03/2021 18:43:59 : Inserting entity with GID (0000000200000003).
13/03/2021 18:43:59 : Inserting entity with GID (0000000200000004).
13/03/2021 18:43:59 : Inserting entity with GID (0000000100000002).
13/03/2021 18:43:59 : Inserting entity with GID (0000000600000002).
13/03/2021 18:43:59 : Inserting entity with GID (0000000500000001).
13/03/2021 18:43:59 : Failed to insert entity because entity with specified GID (0000000500000001) already exists in network model.
13/03/2021 18:43:59 : Error while applying delta (id = 2) during service initialization. Failed to insert entity because entity with specified GID (0000000500000001) already exists in network model.
13/03/2021 18:43:59 : Inserting entity with GID (0000000300000003).
13/03/2021 18:43:59 : Inserting entity with GID (0000000400000005).
13/03/2021 18:43:59 : Inserting entity with GID (0000000400000006).
13/03/2021 18:43:59 : Inserting entity with GID (0000000200000005).
13/03/2021 18:43:59 : Inserting entity with GID (0000000200000006).
13/03/2021 18:43:59 : Inserting entity with GID (0000000100000003).
13/03/2021 18:43:59 : Inserting entity with GID (0000000600000003).
13/03/2021 18:43:59 : Inserting entity with GID (0000000500000001).
13/03/2021 18:43:59 : Failed to insert entity because entity with specified GID (0000000500000001) already exists in network model.
13/03/2021 18:43:59 : Error while applying delta (id = 3) during service initialization. Failed to insert entity because entity with specified GID (0000000500000001) already exists in network model.
13/03/2021 18:43:59 : Inserting entity with GID (0000000300000004).
13/03/2021 18:43:59 : Inserting entity with GID (0000000400000007).
13/03/2021 18:43:59 : Inserting entity with GID (0000000400000008).
13/03/2021 18:43:59 : Inserting entity with GID (0000000200000007).
13/03/2021 18:43:59 : Inserting entity with GID (0000000200000008).
13/03/2021 18:43:59 : Inserting entity with GID (0000000100000004).
13/03/2021 18:43:59 : Inserting entity with GID (0000000600000004).
13/03/2021 18:43:59 : Inserting entity with GID (0000000500000001).
13/03/2021 18:43:59 : Failed to insert entity because entity with specified GID (0000000500000001) already exists in network model.
13/03/2021 18:43:59 : Error while applying delta (id = 4) during service initialization. Failed to insert entity because entity with specified GID (0000000500000001) already exists in network model.
13/03/2021 18:43:59 : Inserting entity with GID (0000000300000005).
13/03/2021 18:43:59 : Inserting entity with GID (0000000400000009).
13/03/2021 18:43:59 : Inserting entity with GID (000000040000000a).
13/03/2021 18:43:59 : Inserting entity with GID (0000000200000009).
13/03/2021 18:43:59 : Inserting entity with GID (000000020000000a).
13/03/2021 18:43:59 : Inserting entity with GID (0000000100000005).
13/03/2021 18:43:59 : Inserting entity with GID (0000000300000006).
13/03/2021 18:43:59 : Inserting entity with GID (000000040000000b).
13/03/2021 18:43:59 : Inserting entity with GID (000000040000000c).
13/03/2021 18:43:59 : Inserting entity with GID (000000020000000b).
13/03/2021 18:43:59 : Inserting entity with GID (000000020000000c).
13/03/2021 18:43:59 : Inserting entity with GID (0000000100000006).
13/03/2021 18:43:59 : Inserting entity with GID (0000000600000005).
13/03/2021 18:43:59 : Inserting entity with GID (0000000500000001).
13/03/2021 18:43:59 : Failed to insert entity because entity with specified GID (0000000500000001) already exists in network model.
13/03/2021 18:43:59 : Error while applying delta (id = 6) during service initialization. Failed to insert entity because entity with specified GID (0000000500000001) already exists in network model.
13/03/2021 18:43:59 : Inserting entity with GID (0000000300000007).
13/03/2021 18:43:59 : Inserting entity with GID (000000040000000d).
13/03/2021 18:43:59 : Inserting entity with GID (000000040000000e).
13/03/2021 18:43:59 : Inserting entity with GID (000000020000000d).
13/03/2021 18:43:59 : Inserting entity with GID (000000020000000e).
13/03/2021 18:43:59 : Inserting entity with GID (0000000100000007).
13/03/2021 18:43:59 : Inserting entity with GID (0000000600000006).
13/03/2021 18:43:59 : Inserting entity with GID (0000000500000001).
13/03/2021 18:43:59 : Failed to insert entity because entity with specified GID (0000000500000001) already exists in network model.
13/03/2021 18:43:59 : Error while applying delta (id = 7) during service initialization. Failed to insert entity because entity with specified GID (0000000500000001) already exists in network model.
13/03/2021 18:43:59 : Inserting entity with GID (0000000300000008).
13/03/2021 18:43:59 : Inserting entity with GID (000000040000000f).
13/03/2021 18:43:59 : Inserting entity with GID (0000000400000010).
13/03/2021 18:43:59 : Inserting entity with GID (000000020000000f).
13/03/2021 18:43:59 : Inserting entity with GID (0000000200000010).
13/03/2021 18:43:59 : Inserting entity with GID (0000000100000008).
13/03/2021 18:43:59 : Inserting entity with GID (0000000600000007).
13/03/2021 18:43:59 : Inserting entity with GID (0000000500000002).
13/03/2021 18:44:00 : The WCF service GenericDataAccess is ready.
13/03/2021 18:44:00 : Endpoints:
13/03/2021 18:44:00 : net.tcp://localhost:10000/NetworkModelService/GDA/
13/03/2021 18:44:00 : Connection string: ../NetworkModelData.data
13/03/2021 18:44:00 : Trace level: Info
13/03/2021 18:44:00 : The Network Model Service is started.
13/03/2021 18:44:00 : Press <Enter> to stop the service.
13/03/2021 18:44:03 : Applying  delta to network model.
13/03/2021 18:44:03 : Inserting entity with GID (0000000300000009).
13/03/2021 18:44:03 : Inserting entity with GID (0000000400000011).
13/03/2021 18:44:03 : Inserting entity with GID (0000000400000012).
13/03/2021 18:44:03 : Inserting entity with GID (0000000200000011).
13/03/2021 18:44:03 : Inserting entity with GID (0000000200000012).
13/03/2021 18:44:03 : Inserting entity with GID (0000000100000009).
13/03/2021 18:44:03 : Inserting entity with GID (0000000600000008).
13/03/2021 18:44:03 : Inserting entity with GID (0000000500000003).
13/03/2021 18:44:03 : Applying delta to network model successfully finished.
